[STEP] [2022-10-28 19:37:25] Looking for PHP CLI executable file.
[WARN] [2022-10-28 19:37:25] Could not find proper PHP CLI executable, this process may be unstable.
[WARN] [2022-10-28 19:37:25] PHP CLI file cannot be executed due to unknown reason.
[STEP] [2022-10-28 19:37:25] Initializing backup...
[INFO] [2022-10-28 19:37:25] Backup & Migration version: 1.2.2
[INFO] [2022-10-28 19:37:25] Site which will be backed up: http://localhost/circum
[INFO] [2022-10-28 19:37:25] PHP Version: 7.4.19
[INFO] [2022-10-28 19:37:25] WP Version: 6.0.3
[INFO] [2022-10-28 19:37:25] MySQL Version: 5.7.24
[INFO] [2022-10-28 19:37:25] MySQL Max Length: 536870912
[INFO] [2022-10-28 19:37:25] Web server: Apache/2.4.35 (Win64) OpenSSL/1.1.1k PHP/7.4.19
[INFO] [2022-10-28 19:37:25] Max execution time (in seconds): 259200
[INFO] [2022-10-28 19:37:25] Max rows per query (this site): 300
[INFO] [2022-10-28 19:37:25] Checking if backup dir is writable...
[INFO] [2022-10-28 19:37:25] Initializing custom error handler
[SUCCESS] [2022-10-28 19:37:25] Yup it is writable...
[STEP] [2022-10-28 19:37:25] Scanning files...
[STEP] [2022-10-28 19:37:25] Checking free space, reserving...
[INFO] [2022-10-28 19:37:25] Requires at least 37722537 bytes. [35.98 MB]
[INFO] [2022-10-28 19:37:25] Disk free space function is not disabled - using it...
[INFO] [2022-10-28 19:37:25] Checking this path/partition: C:\laragon\www\circum\wp-content\backup-migration-gsTMpe6LXz\backups
[SUCCESS] [2022-10-28 19:37:25] There is 35,676.39 MB free. [34.84 GB]
[SUCCESS] [2022-10-28 19:37:25] Great! We have enough space.
[SUCCESS] [2022-10-28 19:37:25] Confirmed, there is more than enough space, checked: 37722537 bytes
[INFO] [2022-10-28 19:37:25] Scanning done - found 1507 files...
[SUCCESS] [2022-10-28 19:37:25] Backup initialized...
[STEP] [2022-10-28 19:37:25] Initializing archiving system...
[SUCCESS] [2022-10-28 19:37:25] Archive system initialized...
[STEP] [2022-10-28 19:37:25] Preparing map of files...
[SUCCESS] [2022-10-28 19:37:25] Files prepared.
[INFO] [2022-10-28 19:37:25] Starting compression process...
[STEP] [2022-10-28 19:37:25] Smart memory calculation...
[INFO] [2022-10-28 19:37:25] There is 512 MBs of memory to use
[INFO] [2022-10-28 19:37:25] WordPress memory limit: 512 MBs
[SUCCESS] [2022-10-28 19:37:25] Setting the safe limit to 115 MB
[STEP] [2022-10-28 19:37:25] Making database backup (using v3 engine, requires at least v1.2.2 to restore)
[INFO] [2022-10-28 19:37:25] Iterating database...
[INFO] [2022-10-28 19:37:25] Memory usage after initialization: 44.20 MB
[INFO] [2022-10-28 19:37:25] Scan found 13 tables (476 rows), estimated total size: 2.18 MB.
[INFO] [2022-10-28 19:37:25] Memory usage after getting table names: 44.20 MB 
[INFO] [2022-10-28 19:37:25] Getting table recipes...
[INFO] [2022-10-28 19:37:25] Table recipes have been exported.
[INFO] [2022-10-28 19:37:25] Memory usage after loading recipes: 44.22 MB 
[INFO] [2022-10-28 19:37:25] Saving recipes...
[INFO] [2022-10-28 19:37:25] Recipes saved.
[INFO] [2022-10-28 19:37:25] Memory usage after recipe off-load: 44.21 MB
[INFO] [2022-10-28 19:37:25] Exporting table data...
[INFO] [2022-10-28 19:37:25] Getting data of table: wp_commentmeta (0.05 MB)
[INFO] [2022-10-28 19:37:25] Table: wp_commentmeta cloned, operation took: 0.00100 ms
[INFO] [2022-10-28 19:37:25] Getting data of table: wp_comments (0.09 MB)
[INFO] [2022-10-28 19:37:25] Table: wp_comments cloned, operation took: 0.00167 ms
[INFO] [2022-10-28 19:37:25] Getting data of table: wp_links (0.03 MB)
[INFO] [2022-10-28 19:37:25] Table: wp_links cloned, operation took: 0.00101 ms
[INFO] [2022-10-28 19:37:25] Getting data of table: wp_options (1.47 MB)
[INFO] [2022-10-28 19:37:25] Table: wp_options cloned, operation took: 0.02088 ms
[INFO] [2022-10-28 19:37:25] Getting data of table: wp_postmeta (0.08 MB)
[INFO] [2022-10-28 19:37:25] Table: wp_postmeta cloned, operation took: 0.00619 ms
[INFO] [2022-10-28 19:37:25] Getting data of table: wp_posts (0.11 MB)
[INFO] [2022-10-28 19:37:25] Table: wp_posts cloned, operation took: 0.00897 ms
[INFO] [2022-10-28 19:37:25] Getting data of table: wp_term_relationships (0.03 MB)
[INFO] [2022-10-28 19:37:25] Table: wp_term_relationships cloned, operation took: 0.00212 ms
[INFO] [2022-10-28 19:37:25] Getting data of table: wp_term_taxonomy (0.05 MB)
[INFO] [2022-10-28 19:37:25] Table: wp_term_taxonomy cloned, operation took: 0.00208 ms
[INFO] [2022-10-28 19:37:25] Getting data of table: wp_termmeta (0.05 MB)
[INFO] [2022-10-28 19:37:25] Table: wp_termmeta cloned, operation took: 0.00121 ms
[INFO] [2022-10-28 19:37:25] Getting data of table: wp_terms (0.05 MB)
[INFO] [2022-10-28 19:37:25] Table: wp_terms cloned, operation took: 0.00191 ms
[INFO] [2022-10-28 19:37:25] Getting data of table: wp_um_metadata (0.06 MB)
[INFO] [2022-10-28 19:37:25] Table: wp_um_metadata cloned, operation took: 0.00112 ms
[INFO] [2022-10-28 19:37:25] Getting data of table: wp_usermeta (0.05 MB)
[INFO] [2022-10-28 19:37:25] Table: wp_usermeta cloned, operation took: 0.00236 ms
[INFO] [2022-10-28 19:37:25] Getting data of table: wp_users (0.06 MB)
[INFO] [2022-10-28 19:37:25] Table: wp_users cloned, operation took: 0.00218 ms
[INFO] [2022-10-28 19:37:25] Table data exported.
[INFO] [2022-10-28 19:37:25] Memory usage after data export: 44.19 MB
[INFO] [2022-10-28 19:37:25] Entire process took: 0.1052 s
[SUCCESS] [2022-10-28 19:37:25] Database backup finished
[STEP] [2022-10-28 19:37:25] Making archive
[INFO] [2022-10-28 19:37:25] Compressing...
[INFO] [2022-10-28 19:37:25] Using PclZip module to create the backup
[INFO] [2022-10-28 19:37:25] Legacy setting: Using default modules depending on user server
[WARN] [2022-10-28 19:37:25] Backup will run as single-request, may be unstable...
[INFO] [2022-10-28 19:37:25] Chunks contain 250 files.
[INFO] [2022-10-28 19:37:27] Milestone: 500/1507
[INFO] [2022-10-28 19:37:28] Milestone: 1000/1507
[INFO] [2022-10-28 19:37:29] Milestone: 1500/1507
[INFO] [2022-10-28 19:37:29] Milestone: 1507/1507
[SUCCESS] [2022-10-28 19:37:29] Compressed 1507 files
[INFO] [2022-10-28 19:37:29] Archiving of 1507 files took: 3.63s
[STEP] [2022-10-28 19:37:29] Finalizing backup
[INFO] [2022-10-28 19:37:29] Adding manifest...
[STEP] [2022-10-28 19:37:29] Closing files and archives
[END-CODE] [2022-10-28 19:37:29] #001
