[2022-10-18 12:02:31] [LOG] Plugin has been activated
[2022-10-18 12:02:44] [LOG] Creating backup 
[2022-10-18 12:02:44] [LOG] Found 1503 files to backup.
[2022-10-18 12:02:48] [LOG] New backup created and its name is: BM_Backup_2022-10-18_12_02_43_xj6BhorfRecZLSm8.zip
[2022-10-28 10:55:22] [LOG] Plugin has been activated
[2022-10-28 19:37:25] [LOG] Creating backup 
[2022-10-28 19:37:25] [LOG] Found 1507 files to backup.
[2022-10-28 19:37:29] [LOG] New backup created and its name is: BM_Backup_2022-10-28_19_37_25_ohWGZKA6s4wJucP2.zip
[2022-11-02 21:58:51] [LOG] Creating backup 
[2022-11-02 21:58:51] [LOG] Found 1716 files to backup.
[2022-11-02 21:58:55] [LOG] New backup created and its name is: BM_Backup_2022-11-02_21_58_51_guVTKcFRtHBojCQW.zip
[2022-11-05 16:40:24] [LOG] Creating backup 
[2022-11-05 16:40:24] [LOG] Found 1977 files to backup.
[2022-11-05 16:41:24] [LOG] New backup created and its name is: BM_Backup_2022-11-05_16_40_20_HmIST8eNBrwhRdqv.zip
[2022-11-05 20:56:20] [LOG] Creating backup 
[2022-11-05 20:56:20] [LOG] Found 1977 files to backup.
[2022-11-05 20:57:21] [LOG] New backup created and its name is: BM_Backup_2022-11-05_20_56_07_KMb7aFqg8soRDLzA.zip
[2022-11-12 14:02:55] [LOG] Creating backup 
[2022-11-12 14:02:55] [LOG] Found 1981 files to backup.
[2022-11-12 14:03:29] [LOG] New backup created and its name is: BM_Backup_2022-11-12_14_02_51_G5yiPNSmxKYAFHwU.zip
